\BOOKMARK [1][-]{section.1}{Introduction}{}% 1
\BOOKMARK [2][-]{subsection.1.1}{Current topics in galactic astronomy}{section.1}% 2
\BOOKMARK [3][-]{subsubsection.1.1.1}{A global picture of the Universe}{subsection.1.1}% 3
\BOOKMARK [2][-]{subsection.1.2}{Photometry and spectroscopy}{section.1}% 4
\BOOKMARK [3][-]{subsubsection.1.2.1}{Differences between spectroscopy and photometry}{subsection.1.2}% 5
\BOOKMARK [3][-]{subsubsection.1.2.2}{Spectroscopy}{subsection.1.2}% 6
\BOOKMARK [3][-]{subsubsection.1.2.3}{MUSE-VLT}{subsection.1.2}% 7
\BOOKMARK [1][-]{section.2}{Sample selection}{}% 8
\BOOKMARK [2][-]{subsection.2.1}{MUSE-GTO MAGIC}{section.2}% 9
\BOOKMARK [2][-]{subsection.2.2}{COSMOS field}{section.2}% 10
\BOOKMARK [2][-]{subsection.2.3}{Prior information on the galaxies}{section.2}% 11
\BOOKMARK [3][-]{subsubsection.2.3.1}{Galaxies in structures}{subsection.2.3}% 12
\BOOKMARK [3][-]{subsubsection.2.3.2}{Morphological information from COSMOS catalogues}{subsection.2.3}% 13
\BOOKMARK [2][-]{subsection.2.4}{Checking catalogues values consistency}{section.2}% 14
\BOOKMARK [3][-]{subsubsection.2.4.1}{Reasons for checking catalogues values}{subsection.2.4}% 15
\BOOKMARK [3][-]{subsubsection.2.4.2}{Catalogues used for comparison}{subsection.2.4}% 16
\BOOKMARK [3][-]{subsubsection.2.4.3}{Total magnitudes}{subsection.2.4}% 17
\BOOKMARK [3][-]{subsubsection.2.4.4}{Morphological type classification}{subsection.2.4}% 18
\BOOKMARK [3][-]{subsubsection.2.4.5}{Half-light radii}{subsection.2.4}% 19
\BOOKMARK [2][-]{subsection.2.5}{SNR and size selection}{section.2}% 20
\BOOKMARK [3][-]{subsubsection.2.5.1}{Size selection}{subsection.2.5}% 21
\BOOKMARK [3][-]{subsubsection.2.5.2}{SNR selection}{subsection.2.5}% 22
\BOOKMARK [2][-]{subsection.2.6}{Characterisation of the sample}{section.2}% 23
\BOOKMARK [3][-]{subsubsection.2.6.1}{Selecting galaxies}{subsection.2.6}% 24
\BOOKMARK [3][-]{subsubsection.2.6.2}{Redshift distribution}{subsection.2.6}% 25
\BOOKMARK [3][-]{subsubsection.2.6.3}{Mass-SFR relation}{subsection.2.6}% 26
\BOOKMARK [1][-]{section.3}{Kinematical modelling}{}% 27
\BOOKMARK [2][-]{subsection.3.1}{Cleaning}{section.3}% 28
\BOOKMARK [2][-]{subsection.3.2}{Kinematical parametrisation}{section.3}% 29
\BOOKMARK [2][-]{subsection.3.3}{Model}{section.3}% 30
\BOOKMARK [1][-]{section.4}{References}{}% 31
\BOOKMARK [1][-]{appendix.A}{Details about morphological classification}{}% 32
\BOOKMARK [2][-]{subsection.A.1}{Non-parametric values}{appendix.A}% 33
\BOOKMARK [3][-]{subsubsection.A.1.1}{Concentration}{subsection.A.1}% 34
\BOOKMARK [3][-]{subsubsection.A.1.2}{Asymmetry}{subsection.A.1}% 35
\BOOKMARK [3][-]{subsubsection.A.1.3}{Gini coefficient}{subsection.A.1}% 36
